<?xml version="1.0" encoding="UTF-8"?>
<testng-results total="2" passed="2" failed="0" skipped="0">
  <reporter-output>
  </reporter-output>
  <suite started-at="2023-05-10T16:51:29Z" name="Surefire suite" finished-at="2023-05-10T16:51:42Z" duration-ms="13256">
    <groups>
    </groups>
    <test started-at="2023-05-10T16:51:29Z" name="Surefire test" finished-at="2023-05-10T16:51:42Z" duration-ms="13256">
      <class name="test.itexps.com.MySeleniumTest">
        <test-method is-config="true" signature="setUpClass()[pri:0, instance:test.itexps.com.MySeleniumTest@1c72da34]" started-at="2023-05-10T11:51:29Z" name="setUpClass" finished-at="2023-05-10T11:51:29Z" duration-ms="15" status="PASS">
          <reporter-output>
          </reporter-output>
        </test-method> <!-- setUpClass -->
        <test-method is-config="true" signature="setUpMethod()[pri:0, instance:test.itexps.com.MySeleniumTest@1c72da34]" started-at="2023-05-10T11:51:29Z" name="setUpMethod" finished-at="2023-05-10T11:51:34Z" duration-ms="4995" status="PASS">
          <reporter-output>
          </reporter-output>
        </test-method> <!-- setUpMethod -->
        <test-method signature="testGoogle()[pri:0, instance:test.itexps.com.MySeleniumTest@1c72da34]" started-at="2023-05-10T11:51:34Z" name="testGoogle" finished-at="2023-05-10T11:51:35Z" duration-ms="1504" status="PASS">
          <reporter-output>
          </reporter-output>
        </test-method> <!-- testGoogle -->
        <test-method is-config="true" signature="tearDownMethod()[pri:0, instance:test.itexps.com.MySeleniumTest@1c72da34]" started-at="2023-05-10T11:51:35Z" name="tearDownMethod" finished-at="2023-05-10T11:51:35Z" duration-ms="1" status="PASS">
          <reporter-output>
          </reporter-output>
        </test-method> <!-- tearDownMethod -->
        <test-method is-config="true" signature="setUpMethod()[pri:0, instance:test.itexps.com.MySeleniumTest@1c72da34]" started-at="2023-05-10T11:51:35Z" name="setUpMethod" finished-at="2023-05-10T11:51:36Z" duration-ms="1412" status="PASS">
          <reporter-output>
          </reporter-output>
        </test-method> <!-- setUpMethod -->
        <test-method signature="testItexps()[pri:0, instance:test.itexps.com.MySeleniumTest@1c72da34]" started-at="2023-05-10T11:51:36Z" name="testItexps" finished-at="2023-05-10T11:51:42Z" duration-ms="5306" status="PASS">
          <reporter-output>
          </reporter-output>
        </test-method> <!-- testItexps -->
        <test-method is-config="true" signature="tearDownMethod()[pri:0, instance:test.itexps.com.MySeleniumTest@1c72da34]" started-at="2023-05-10T11:51:42Z" name="tearDownMethod" finished-at="2023-05-10T11:51:42Z" duration-ms="0" status="PASS">
          <reporter-output>
          </reporter-output>
        </test-method> <!-- tearDownMethod -->
        <test-method is-config="true" signature="tearDownClass()[pri:0, instance:test.itexps.com.MySeleniumTest@1c72da34]" started-at="2023-05-10T11:51:42Z" name="tearDownClass" finished-at="2023-05-10T11:51:42Z" duration-ms="0" status="PASS">
          <reporter-output>
          </reporter-output>
        </test-method> <!-- tearDownClass -->
      </class> <!-- test.itexps.com.MySeleniumTest -->
    </test> <!-- Surefire test -->
  </suite> <!-- Surefire suite -->
</testng-results>
